Start testing: Oct 26 22:09 CST
----------------------------------------------------------
1/1 Testing: hashmap_test
1/1 Test: hashmap_test
Command: "/home/noaki/hashmap/build/test/hashmap_test"
Directory: /home/noaki/hashmap/build/test
"hashmap_test" start time: Oct 26 22:09 CST
Output:
----------------------------------------------------------
Initializing hash maps...
Generating test 196607 test keys...done
Running tests


**************************************************
Starting test series:
    Hashmap w/randomized string keys
**************************************************


**************************************************
Test 01: put performance
    Description: put new hash keys

Running...
Completed successfully
Run time: 553899 microseconds
Hashmap stats: put performance
    # entries:           196607
    Table size:          262144
    Load factor:         0.7500
    Collisions mean:     1.4850
    Collisions variance: 16.6439

**************************************************
Test 02: put existing performance
    Description: attempt to put existing hash keys

Pre-loading keys...done
Running...
Completed successfully
Run time: 32539 microseconds
Hashmap stats: put existing performance
    # entries:           196607
    Table size:          262144
    Load factor:         0.7500
    Collisions mean:     1.4850
    Collisions variance: 16.6439

**************************************************
Test 03: get existing performance
    Description: get existing hash keys

Pre-loading keys...done
Running...
Completed successfully
Run time: 32561 microseconds
Hashmap stats: get existing performance
    # entries:           196607
    Table size:          262144
    Load factor:         0.7500
    Collisions mean:     1.4850
    Collisions variance: 16.6439

**************************************************
Test 04: get non-existing performance
    Description: get nonexistent hash keys

Pre-loading keys...done
Running...
Completed successfully
Run time: 15519 microseconds
Hashmap stats: get non-existing performance
    # entries:           196607
    Table size:          262144
    Load factor:         0.7500
    Collisions mean:     1.4850
    Collisions variance: 16.6439

**************************************************
Test 05: remove performance
    Description: remove hash keys

Pre-loading keys...done
Running...
Completed successfully
Run time: 251305 microseconds
Hashmap stats: remove performance
    # entries:           0
    Table size:          262144
    Load factor:         0.0000
    Collisions mean:     0.0000
    Collisions variance: 0.0000

**************************************************
Test 06: mixed put/remove performance
    Description: put, remove 1/2, then put them back

Running...
Hashmap stats: test_put_remove done
    # entries:           98304
    Table size:          262144
    Load factor:         0.3750
    Collisions mean:     0.3012
    Collisions variance: 0.6454
Completed successfully
Run time: 1020163 microseconds
Hashmap stats: mixed put/remove performance
    # entries:           196607
    Table size:          262144
    Load factor:         0.7500
    Collisions mean:     1.4850
    Collisions variance: 16.5288

**************************************************
Test 07: iterate performance
    Description: iterate through entries

Pre-loading keys...done
Running...
Completed successfully
Run time: 1401 microseconds
Hashmap stats: iterate performance
    # entries:           196607
    Table size:          262144
    Load factor:         0.7500
    Collisions mean:     1.4850
    Collisions variance: 16.6439

**************************************************
Test 08: iterate remove all
    Description: iterate and remove all entries

Pre-loading keys...done
Running...
Completed successfully
Run time: 258990 microseconds
Hashmap stats: iterate remove all
    # entries:           0
    Table size:          262144
    Load factor:         0.0000
    Collisions mean:     0.0000
    Collisions variance: 0.0000

**************************************************
Test 09: iterate remove odd indices
    Description: iterate and delete alternate entries

Pre-loading keys...done
Running...
Completed successfully
Run time: 138206 microseconds
Hashmap stats: iterate remove odd indices
    # entries:           98303
    Table size:          262144
    Load factor:         0.3750
    Collisions mean:     0.1905
    Collisions variance: 0.2781

**************************************************
Test 10: clear performance
    Description: clear entries

Pre-loading keys...done
Running...
Completed successfully
Run time: 124 microseconds
Hashmap stats: clear performance
    # entries:           0
    Table size:          262144
    Load factor:         0.0000
    Collisions mean:     0.0000
    Collisions variance: 0.0000

**************************************************
Test 11: reset performance
    Description: reset entries

Pre-loading keys...done
Running...
Completed successfully
Run time: 146 microseconds
Hashmap stats: reset performance
    # entries:           0
    Table size:          128
    Load factor:         0.0000
    Collisions mean:     0.0000
    Collisions variance: 0.0000

**************************************************
Test results:
    Passed: 11
    Failed: 0
**************************************************

**************************************************
Starting test series:
    Hashmap w/sequential string keys
**************************************************


**************************************************
Test 01: put performance
    Description: put new hash keys

Running...
Completed successfully
Run time: 550892 microseconds
Hashmap stats: put performance
    # entries:           196607
    Table size:          262144
    Load factor:         0.7500
    Collisions mean:     1.5169
    Collisions variance: 18.4414

**************************************************
Test 02: put existing performance
    Description: attempt to put existing hash keys

Pre-loading keys...done
Running...
Completed successfully
Run time: 28621 microseconds
Hashmap stats: put existing performance
    # entries:           196607
    Table size:          262144
    Load factor:         0.7500
    Collisions mean:     1.5169
    Collisions variance: 18.4414

**************************************************
Test 03: get existing performance
    Description: get existing hash keys

Pre-loading keys...done
Running...
Completed successfully
Run time: 28167 microseconds
Hashmap stats: get existing performance
    # entries:           196607
    Table size:          262144
    Load factor:         0.7500
    Collisions mean:     1.5169
    Collisions variance: 18.4414

**************************************************
Test 04: get non-existing performance
    Description: get nonexistent hash keys

Pre-loading keys...done
Running...
Completed successfully
Run time: 12553 microseconds
Hashmap stats: get non-existing performance
    # entries:           196607
    Table size:          262144
    Load factor:         0.7500
    Collisions mean:     1.5169
    Collisions variance: 18.4414

**************************************************
Test 05: remove performance
    Description: remove hash keys

Pre-loading keys...done
Running...
Completed successfully
Run time: 242968 microseconds
Hashmap stats: remove performance
    # entries:           0
    Table size:          262144
    Load factor:         0.0000
    Collisions mean:     0.0000
    Collisions variance: 0.0000

**************************************************
Test 06: mixed put/remove performance
    Description: put, remove 1/2, then put them back

Running...
Hashmap stats: test_put_remove done
    # entries:           98304
    Table size:          262144
    Load factor:         0.3750
    Collisions mean:     0.3013
    Collisions variance: 0.6478
Completed successfully
Run time: 996864 microseconds
Hashmap stats: mixed put/remove performance
    # entries:           196607
    Table size:          262144
    Load factor:         0.7500
    Collisions mean:     1.5169
    Collisions variance: 18.0948

**************************************************
Test 07: iterate performance
    Description: iterate through entries

Pre-loading keys...done
Running...
Completed successfully
Run time: 1440 microseconds
Hashmap stats: iterate performance
    # entries:           196607
    Table size:          262144
    Load factor:         0.7500
    Collisions mean:     1.5169
    Collisions variance: 18.4414

**************************************************
Test 08: iterate remove all
    Description: iterate and remove all entries

Pre-loading keys...done
Running...
Completed successfully
Run time: 247242 microseconds
Hashmap stats: iterate remove all
    # entries:           0
    Table size:          262144
    Load factor:         0.0000
    Collisions mean:     0.0000
    Collisions variance: 0.0000

**************************************************
Test 09: iterate remove odd indices
    Description: iterate and delete alternate entries

Pre-loading keys...done
Running...
Completed successfully
Run time: 132291 microseconds
Hashmap stats: iterate remove odd indices
    # entries:           98304
    Table size:          262144
    Load factor:         0.3750
    Collisions mean:     0.1915
    Collisions variance: 0.2849

**************************************************
Test 10: clear performance
    Description: clear entries

Pre-loading keys...done
Running...
Completed successfully
Run time: 133 microseconds
Hashmap stats: clear performance
    # entries:           0
    Table size:          262144
    Load factor:         0.0000
    Collisions mean:     0.0000
    Collisions variance: 0.0000

**************************************************
Test 11: reset performance
    Description: reset entries

Pre-loading keys...done
Running...
Completed successfully
Run time: 152 microseconds
Hashmap stats: reset performance
    # entries:           0
    Table size:          128
    Load factor:         0.0000
    Collisions mean:     0.0000
    Collisions variance: 0.0000

**************************************************
Test results:
    Passed: 11
    Failed: 0
**************************************************

**************************************************
Starting test series:
    Hashmap w/randomized integer keys
**************************************************


**************************************************
Test 01: put performance
    Description: put new hash keys

Running...
Completed successfully
Run time: 535296 microseconds
Hashmap stats: put performance
    # entries:           196607
    Table size:          262144
    Load factor:         0.7500
    Collisions mean:     1.4777
    Collisions variance: 15.8930

**************************************************
Test 02: put existing performance
    Description: attempt to put existing hash keys

Pre-loading keys...done
Running...
Completed successfully
Run time: 21467 microseconds
Hashmap stats: put existing performance
    # entries:           196607
    Table size:          262144
    Load factor:         0.7500
    Collisions mean:     1.4777
    Collisions variance: 15.8930

**************************************************
Test 03: get existing performance
    Description: get existing hash keys

Pre-loading keys...done
Running...
Completed successfully
Run time: 20640 microseconds
Hashmap stats: get existing performance
    # entries:           196607
    Table size:          262144
    Load factor:         0.7500
    Collisions mean:     1.4777
    Collisions variance: 15.8930

**************************************************
Test 04: get non-existing performance
    Description: get nonexistent hash keys

Pre-loading keys...done
Running...
Completed successfully
Run time: 6067 microseconds
Hashmap stats: get non-existing performance
    # entries:           196607
    Table size:          262144
    Load factor:         0.7500
    Collisions mean:     1.4777
    Collisions variance: 15.8930

**************************************************
Test 05: remove performance
    Description: remove hash keys

Pre-loading keys...done
Running...
Completed successfully
Run time: 207767 microseconds
Hashmap stats: remove performance
    # entries:           0
    Table size:          262144
    Load factor:         0.0000
    Collisions mean:     0.0000
    Collisions variance: 0.0000

**************************************************
Test 06: mixed put/remove performance
    Description: put, remove 1/2, then put them back

Running...
Hashmap stats: test_put_remove done
    # entries:           98304
    Table size:          262144
    Load factor:         0.3750
    Collisions mean:     0.3025
    Collisions variance: 0.6594
Completed successfully
Run time: 936509 microseconds
Hashmap stats: mixed put/remove performance
    # entries:           196607
    Table size:          262144
    Load factor:         0.7500
    Collisions mean:     1.4777
    Collisions variance: 15.9128

**************************************************
Test 07: iterate performance
    Description: iterate through entries

Pre-loading keys...done
Running...
Completed successfully
Run time: 1342 microseconds
Hashmap stats: iterate performance
    # entries:           196607
    Table size:          262144
    Load factor:         0.7500
    Collisions mean:     1.4777
    Collisions variance: 15.8930

**************************************************
Test 08: iterate remove all
    Description: iterate and remove all entries

Pre-loading keys...done
Running...
Completed successfully
Run time: 199579 microseconds
Hashmap stats: iterate remove all
    # entries:           0
    Table size:          262144
    Load factor:         0.0000
    Collisions mean:     0.0000
    Collisions variance: 0.0000

**************************************************
Test 09: iterate remove odd indices
    Description: iterate and delete alternate entries

Pre-loading keys...done
Running...
Completed successfully
Run time: 105843 microseconds
Hashmap stats: iterate remove odd indices
    # entries:           98304
    Table size:          262144
    Load factor:         0.3750
    Collisions mean:     0.1918
    Collisions variance: 0.2816

**************************************************
Test 10: clear performance
    Description: clear entries

Pre-loading keys...done
Running...
Completed successfully
Run time: 145 microseconds
Hashmap stats: clear performance
    # entries:           0
    Table size:          262144
    Load factor:         0.0000
    Collisions mean:     0.0000
    Collisions variance: 0.0000

**************************************************
Test 11: reset performance
    Description: reset entries

Pre-loading keys...done
Running...
Completed successfully
Run time: 156 microseconds
Hashmap stats: reset performance
    # entries:           0
    Table size:          128
    Load factor:         0.0000
    Collisions mean:     0.0000
    Collisions variance: 0.0000

**************************************************
Test results:
    Passed: 11
    Failed: 0
**************************************************

**************************************************
Starting test series:
    Hashmap w/sequential integer keys
**************************************************


**************************************************
Test 01: put performance
    Description: put new hash keys

Running...
Completed successfully
Run time: 535956 microseconds
Hashmap stats: put performance
    # entries:           196607
    Table size:          262144
    Load factor:         0.7500
    Collisions mean:     1.5227
    Collisions variance: 18.7318

**************************************************
Test 02: put existing performance
    Description: attempt to put existing hash keys

Pre-loading keys...done
Running...
Completed successfully
Run time: 20614 microseconds
Hashmap stats: put existing performance
    # entries:           196607
    Table size:          262144
    Load factor:         0.7500
    Collisions mean:     1.5227
    Collisions variance: 18.7318

**************************************************
Test 03: get existing performance
    Description: get existing hash keys

Pre-loading keys...done
Running...
Completed successfully
Run time: 20751 microseconds
Hashmap stats: get existing performance
    # entries:           196607
    Table size:          262144
    Load factor:         0.7500
    Collisions mean:     1.5227
    Collisions variance: 18.7318

**************************************************
Test 04: get non-existing performance
    Description: get nonexistent hash keys

Pre-loading keys...done
Running...
Completed successfully
Run time: 2029 microseconds
Hashmap stats: get non-existing performance
    # entries:           196607
    Table size:          262144
    Load factor:         0.7500
    Collisions mean:     1.5227
    Collisions variance: 18.7318

**************************************************
Test 05: remove performance
    Description: remove hash keys

Pre-loading keys...done
Running...
Completed successfully
Run time: 206571 microseconds
Hashmap stats: remove performance
    # entries:           0
    Table size:          262144
    Load factor:         0.0000
    Collisions mean:     0.0000
    Collisions variance: 0.0000

**************************************************
Test 06: mixed put/remove performance
    Description: put, remove 1/2, then put them back

Running...
Hashmap stats: test_put_remove done
    # entries:           98304
    Table size:          262144
    Load factor:         0.3750
    Collisions mean:     0.3077
    Collisions variance: 0.6819
Completed successfully
Run time: 939214 microseconds
Hashmap stats: mixed put/remove performance
    # entries:           196607
    Table size:          262144
    Load factor:         0.7500
    Collisions mean:     1.5227
    Collisions variance: 18.5322

**************************************************
Test 07: iterate performance
    Description: iterate through entries

Pre-loading keys...done
Running...
Completed successfully
Run time: 1351 microseconds
Hashmap stats: iterate performance
    # entries:           196607
    Table size:          262144
    Load factor:         0.7500
    Collisions mean:     1.5227
    Collisions variance: 18.7318

**************************************************
Test 08: iterate remove all
    Description: iterate and remove all entries

Pre-loading keys...done
Running...
Completed successfully
Run time: 199999 microseconds
Hashmap stats: iterate remove all
    # entries:           0
    Table size:          262144
    Load factor:         0.0000
    Collisions mean:     0.0000
    Collisions variance: 0.0000

**************************************************
Test 09: iterate remove odd indices
    Description: iterate and delete alternate entries

Pre-loading keys...done
Running...
Completed successfully
Run time: 105703 microseconds
Hashmap stats: iterate remove odd indices
    # entries:           98304
    Table size:          262144
    Load factor:         0.3750
    Collisions mean:     0.1928
    Collisions variance: 0.2849

**************************************************
Test 10: clear performance
    Description: clear entries

Pre-loading keys...done
Running...
Completed successfully
Run time: 148 microseconds
Hashmap stats: clear performance
    # entries:           0
    Table size:          262144
    Load factor:         0.0000
    Collisions mean:     0.0000
    Collisions variance: 0.0000

**************************************************
Test 11: reset performance
    Description: reset entries

Pre-loading keys...done
Running...
Completed successfully
Run time: 144 microseconds
Hashmap stats: reset performance
    # entries:           0
    Table size:          128
    Load factor:         0.0000
    Collisions mean:     0.0000
    Collisions variance: 0.0000

**************************************************
Test results:
    Passed: 11
    Failed: 0
**************************************************

Tests finished
<end of output>
Test time =  30.17 sec
----------------------------------------------------------
Test Passed.
"hashmap_test" end time: Oct 26 22:10 CST
"hashmap_test" time elapsed: 00:00:30
----------------------------------------------------------

End testing: Oct 26 22:10 CST
